<?xml version="1.0" encoding="UTF-8"?>
<!-- Generated by org.testng.reporters.JUnitReportReporter -->
<testsuite hostname="DESKTOP-4HEH7F5" failures="0" tests="1" name="LegoIO.CCVN2.Tests.GoogleSignInTest" time="33.025" errors="0" timestamp="20 Nov 2023 14:39:09 GMT" skipped="0">
  <testcase classname="LegoIO.CCVN2.Tests.GoogleSignInTest" name="SignIn_With_Google" time="33.025"/>
</testsuite> <!-- LegoIO.CCVN2.Tests.GoogleSignInTest -->
