<?xml version="1.0" encoding="UTF-8"?>
<!-- Generated by org.testng.reporters.JUnitReportReporter -->
<testsuite hostname="DESKTOP-4HEH7F5" failures="0" tests="4" name="LegoIO.CCVN2.Tests.SignUpPageTests" time="53.623" errors="0" timestamp="20 Nov 2023 14:39:09 GMT" skipped="0">
  <testcase classname="LegoIO.CCVN2.Tests.SignUpPageTests" name="FormTest_With_Existing_Email" time="15.907"/>
  <testcase classname="LegoIO.CCVN2.Tests.SignUpPageTests" name="FormTest_With_Diffarent_Password" time="16.281"/>
  <testcase classname="LegoIO.CCVN2.Tests.SignUpPageTests" name="FormTest_With_Only_Numaric_Password" time="10.072"/>
  <testcase classname="LegoIO.CCVN2.Tests.SignUpPageTests" name="FormTest_With_All_Valied_Values" time="11.363"/>
</testsuite> <!-- LegoIO.CCVN2.Tests.SignUpPageTests -->
